Using pre-set license
Built from '2020.2/release' branch; Version is '2020.2.1f1 (270dd8c3da1c) revision 2559448'; Using compiler version '192528614'; Build Type 'Release'
OS: 'Windows 10  (10.0.0) 64bit' Language: 'pt' Physical Memory: 32670 MB
BatchMode: 1, IsHumanControllingUs: 0, StartBugReporterOnCrash: 0, Is64bit: 1, IsPro: 0

 COMMAND LINE ARGUMENTS:
C:\Program Files\Unity\Hub\Editor\2020.2.1f1\Editor\Unity.exe
-adb2
-batchMode
-noUpm
-name
AssetImportWorker0
-projectPath
C:/Users/mathe/Documentos/Projetos/ARte/Arte AR
-logFile
Logs/AssetImportWorker0.log
-srvPort
60898
Successfully changed project path to: C:/Users/mathe/Documentos/Projetos/ARte/Arte AR
C:/Users/mathe/Documentos/Projetos/ARte/Arte AR
Using Asset Import Pipeline V2.
Refreshing native plugins compatible for Editor in 21.27 ms, found 0 plugins.
Preloading 0 native plugins for Editor in 0.00 ms.
Initialize engine version: 2020.2.1f1 (270dd8c3da1c)
[Subsystems] Discovering subsystems at path C:/Program Files/Unity/Hub/Editor/2020.2.1f1/Editor/Data/Resources/UnitySubsystems
[Subsystems] Discovering subsystems at path C:/Users/mathe/Documentos/Projetos/ARte/Arte AR/Assets
GfxDevice: creating device client; threaded=0
Direct3D:
    Version:  Direct3D 11.0 [level 11.1]
    Renderer: Radeon RX 570 Series (ID=0x67df)
    Vendor:   
    VRAM:     4074 MB
    Driver:   31.0.12027.7000
Initialize mono
Mono path[0] = 'C:/Program Files/Unity/Hub/Editor/2020.2.1f1/Editor/Data/Managed'
Mono path[1] = 'C:/Program Files/Unity/Hub/Editor/2020.2.1f1/Editor/Data/MonoBleedingEdge/lib/mono/unityjit'
Mono config path = 'C:/Program Files/Unity/Hub/Editor/2020.2.1f1/Editor/Data/MonoBleedingEdge/etc'
Using monoOptions --debugger-agent=transport=dt_socket,embedding=1,server=y,suspend=n,address=127.0.0.1:56880
Begin MonoManager ReloadAssembly
Registering precompiled unity dll's ...
Register platform support module: C:/Program Files/Unity/Hub/Editor/2020.2.1f1/Editor/Data/PlaybackEngines/WindowsStandaloneSupport/UnityEditor.WindowsStandalone.Extensions.dll
Registered in 0.001167 seconds.
Native extension for WindowsStandalone target not found
Refreshing native plugins compatible for Editor in 23.11 ms, found 0 plugins.
Preloading 0 native plugins for Editor in 0.00 ms.
Invoked RoslynAnalysisRunner static constructor.
RoslynAnalysisRunner will not be running.
RoslynAnalysisRunner has terminated.
Mono: successfully reloaded assembly
- Completed reload, in  1.680 seconds
Platform modules already initialized, skipping
Registering precompiled user dll's ...
Registered in 0.000533 seconds.
Begin MonoManager ReloadAssembly
Native extension for WindowsStandalone target not found
Refreshing native plugins compatible for Editor in 0.24 ms, found 0 plugins.
Preloading 0 native plugins for Editor in 0.00 ms.
Invoked RoslynAnalysisRunner static constructor.
RoslynAnalysisRunner will not be running.
RoslynAnalysisRunner has terminated.
Mono: successfully reloaded assembly
- Completed reload, in  0.659 seconds
Platform modules already initialized, skipping
========================================================================
Worker process is ready to serve import requests
Launched and connected shader compiler UnityShaderCompiler.exe after 0.03 seconds
Refreshing native plugins compatible for Editor in 0.24 ms, found 0 plugins.
Preloading 0 native plugins for Editor in 0.00 ms.
Unloading 1425 Unused Serialized files (Serialized files now loaded: 0)
System memory in use before: 67.6 MB.
System memory in use after: 67.7 MB.

Unloading 13 unused Assets to reduce memory usage. Loaded Objects now: 1867.
Total: 1.591600 ms (FindLiveObjects: 0.246800 ms CreateObjectMapping: 0.109300 ms MarkObjects: 1.186300 ms  DeleteObjects: 0.048100 ms)

========================================================================
Received Import Request.
  path: Assets/Prefabs/AR Plane.prefab
  artifactKey: Guid(5d41ec3eac0c9aa4fa160031163688eb) Importer(815301076,1909f56bfc062723c751e8b465ee728b)
Start importing Assets/Prefabs/AR Plane.prefab using Guid(5d41ec3eac0c9aa4fa160031163688eb) Importer(815301076,1909f56bfc062723c751e8b465ee728b)  -> (artifact id: '3559af22e01ded1c07c562a91a1bbfcd') in 0.035295 seconds
  Import took 0.037195 seconds .

========================================================================
Received Prepare
Registering precompiled user dll's ...
Registered in 0.000515 seconds.
Begin MonoManager ReloadAssembly
Native extension for WindowsStandalone target not found
Refreshing native plugins compatible for Editor in 0.24 ms, found 0 plugins.
Preloading 0 native plugins for Editor in 0.00 ms.
Invoked RoslynAnalysisRunner static constructor.
RoslynAnalysisRunner will not be running.
RoslynAnalysisRunner has terminated.
Mono: successfully reloaded assembly
- Completed reload, in  0.652 seconds
Platform modules already initialized, skipping
Refreshing native plugins compatible for Editor in 0.25 ms, found 0 plugins.
Preloading 0 native plugins for Editor in 0.00 ms.
Unloading 1407 Unused Serialized files (Serialized files now loaded: 0)
System memory in use before: 66.4 MB.
System memory in use after: 66.5 MB.

Unloading 8 unused Assets to reduce memory usage. Loaded Objects now: 1870.
Total: 1.396100 ms (FindLiveObjects: 0.134000 ms CreateObjectMapping: 0.043300 ms MarkObjects: 1.191400 ms  DeleteObjects: 0.026300 ms)

========================================================================
Received Import Request.
  Time since last request: 113.656777 seconds.
  path: Assets/Script/ArInteract.cs
  artifactKey: Guid(67c430cdd8533fc429c45633415ea412) Importer(815301076,1909f56bfc062723c751e8b465ee728b)
Start importing Assets/Script/ArInteract.cs using Guid(67c430cdd8533fc429c45633415ea412) Importer(815301076,1909f56bfc062723c751e8b465ee728b)  -> (artifact id: '652c5c822d4831dd09defe6f1726fd3c') in 0.015496 seconds
  Import took 0.017805 seconds .

========================================================================
Received Import Request.
  Time since last request: 0.000496 seconds.
  path: Assets/Script/ArInteract.cs
  artifactKey: Guid(67c430cdd8533fc429c45633415ea412) Importer(815301076,1909f56bfc062723c751e8b465ee728b)
Start importing Assets/Script/ArInteract.cs using Guid(67c430cdd8533fc429c45633415ea412) Importer(815301076,1909f56bfc062723c751e8b465ee728b)  -> (artifact id: '652c5c822d4831dd09defe6f1726fd3c') in 0.001754 seconds
  Import took 0.003502 seconds .

========================================================================
Received Import Request.
  Time since last request: 37.611207 seconds.
  path: Assets/Materials/Video.renderTexture
  artifactKey: Guid(6e18c0030b86ada4789f7882368d2561) Importer(815301076,1909f56bfc062723c751e8b465ee728b)
Start importing Assets/Materials/Video.renderTexture using Guid(6e18c0030b86ada4789f7882368d2561) Importer(815301076,1909f56bfc062723c751e8b465ee728b)  -> (artifact id: '2411979a7864591d733eadefc0e03cbf') in 0.047775 seconds
  Import took 0.049675 seconds .

========================================================================
Received Import Request.
  Time since last request: 6.698635 seconds.
  path: Assets/Materials/Materials
  artifactKey: Guid(f99e3c2611bc9e640ab5620e1d71f11f) Importer(815301076,1909f56bfc062723c751e8b465ee728b)
Start importing Assets/Materials/Materials using Guid(f99e3c2611bc9e640ab5620e1d71f11f) Importer(815301076,1909f56bfc062723c751e8b465ee728b)  -> (artifact id: '2a253a9572119de003e4c16da73fbd20') in 0.004926 seconds
  Import took 0.006764 seconds .

========================================================================
Received Import Request.
  Time since last request: 5.556269 seconds.
  path: Assets/Imagens/ARPlace.psd
  artifactKey: Guid(e6764e7a4fc46574a8c6573f7c36dddb) Importer(815301076,1909f56bfc062723c751e8b465ee728b)
Start importing Assets/Imagens/ARPlace.psd using Guid(e6764e7a4fc46574a8c6573f7c36dddb) Importer(815301076,1909f56bfc062723c751e8b465ee728b)  -> (artifact id: 'e2738929b45ed51b6d844196fae5b83a') in 0.030099 seconds
  Import took 0.032251 seconds .

========================================================================
Received Import Request.
  Time since last request: 0.000922 seconds.
  path: Assets/Imagens/ARPlace.psd
  artifactKey: Guid(e6764e7a4fc46574a8c6573f7c36dddb) Importer(815301076,1909f56bfc062723c751e8b465ee728b)
Start importing Assets/Imagens/ARPlace.psd using Guid(e6764e7a4fc46574a8c6573f7c36dddb) Importer(815301076,1909f56bfc062723c751e8b465ee728b)  -> (artifact id: 'e2738929b45ed51b6d844196fae5b83a') in 0.015358 seconds
  Import took 0.017173 seconds .

========================================================================
Received Import Request.
  Time since last request: 128.615872 seconds.
  path: Assets/Materials
  artifactKey: Guid(a959b553c9cebc14088b3d6c81a88ac2) Importer(815301076,1909f56bfc062723c751e8b465ee728b)
Start importing Assets/Materials using Guid(a959b553c9cebc14088b3d6c81a88ac2) Importer(815301076,1909f56bfc062723c751e8b465ee728b)  -> (artifact id: 'dc29ffe6367f6513472709bf63a5098f') in 0.001588 seconds
  Import took 0.003450 seconds .

========================================================================
Received Prepare
Registering precompiled user dll's ...
Registered in 0.000545 seconds.
Begin MonoManager ReloadAssembly
Native extension for WindowsStandalone target not found
Refreshing native plugins compatible for Editor in 0.25 ms, found 0 plugins.
Preloading 0 native plugins for Editor in 0.00 ms.
Invoked RoslynAnalysisRunner static constructor.
RoslynAnalysisRunner will not be running.
RoslynAnalysisRunner has terminated.
Mono: successfully reloaded assembly
- Completed reload, in  0.642 seconds
Platform modules already initialized, skipping
Refreshing native plugins compatible for Editor in 0.24 ms, found 0 plugins.
Preloading 0 native plugins for Editor in 0.00 ms.
Unloading 1408 Unused Serialized files (Serialized files now loaded: 0)
System memory in use before: 69.6 MB.
System memory in use after: 69.7 MB.

Unloading 8 unused Assets to reduce memory usage. Loaded Objects now: 1879.
Total: 1.373100 ms (FindLiveObjects: 0.129600 ms CreateObjectMapping: 0.052100 ms MarkObjects: 1.160700 ms  DeleteObjects: 0.029700 ms)

========================================================================
Received Prepare
Registering precompiled user dll's ...
Registered in 0.000505 seconds.
Begin MonoManager ReloadAssembly
Native extension for WindowsStandalone target not found
Refreshing native plugins compatible for Editor in 0.24 ms, found 0 plugins.
Preloading 0 native plugins for Editor in 0.00 ms.
Invoked RoslynAnalysisRunner static constructor.
RoslynAnalysisRunner will not be running.
RoslynAnalysisRunner has terminated.
Mono: successfully reloaded assembly
- Completed reload, in  0.646 seconds
Platform modules already initialized, skipping
Refreshing native plugins compatible for Editor in 0.23 ms, found 0 plugins.
Preloading 0 native plugins for Editor in 0.00 ms.
Unloading 1408 Unused Serialized files (Serialized files now loaded: 0)
System memory in use before: 69.6 MB.
System memory in use after: 69.7 MB.

Unloading 7 unused Assets to reduce memory usage. Loaded Objects now: 1883.
Total: 1.440500 ms (FindLiveObjects: 0.157500 ms CreateObjectMapping: 0.047900 ms MarkObjects: 1.219700 ms  DeleteObjects: 0.014200 ms)

========================================================================
Received Prepare
Refreshing native plugins compatible for Editor in 1.05 ms, found 0 plugins.
Preloading 0 native plugins for Editor in 0.00 ms.
Unloading 8 Unused Serialized files (Serialized files now loaded: 0)
System memory in use before: 41.9 MB.
System memory in use after: 42.0 MB.

Unloading 4 unused Assets to reduce memory usage. Loaded Objects now: 1883.
Total: 1.772900 ms (FindLiveObjects: 0.250500 ms CreateObjectMapping: 0.118900 ms MarkObjects: 1.387200 ms  DeleteObjects: 0.014700 ms)

AssetImportWorkerClient::OnTransportError - code=2 error=End of file
